<?xml version="1.0" encoding="UTF-8"?>
<!-- Generated by org.testng.reporters.JUnitReportReporter -->
<testsuite hostname="LAPTOP-DPHBU0OA" failures="0" tests="1" name="day1.FirstTestCase" time="4.794" errors="0" timestamp="2025-01-22T05:40:33 IST" skipped="0">
  <testcase classname="day1.FirstTestCase" name="login" time="4.794"/>
  <system-out/>
</testsuite> <!-- day1.FirstTestCase -->
