<?xml version="1.0" encoding="UTF-8"?>
<!-- Generated by org.testng.reporters.JUnitReportReporter -->
<testsuite hostname="LAPTOP-DPHBU0OA" failures="0" tests="3" name="day1.SecondTestCase" time="0.010" errors="0" timestamp="2025-01-19T13:51:42 IST" skipped="0">
  <testcase classname="day1.SecondTestCase" name="regression3" time="0.001"/>
  <system-out/>
  <testcase classname="day1.SecondTestCase" name="regression1" time="0.008"/>
  <system-out/>
  <testcase classname="day1.SecondTestCase" name="regression2" time="0.001"/>
  <system-out/>
</testsuite> <!-- day1.SecondTestCase -->
