<?xml version="1.0" encoding="UTF-8"?>
<!-- Generated by org.testng.reporters.JUnitReportReporter -->
<testsuite hostname="LAPTOP-DPHBU0OA" failures="0" tests="2" name="day1.ThridTestCase" time="0.004" errors="0" timestamp="2025-01-19T13:51:42 IST" skipped="0">
  <testcase classname="day1.ThridTestCase" name="functional1" time="0.001"/>
  <system-out/>
  <testcase classname="day1.ThridTestCase" name="functional2" time="0.003"/>
  <system-out/>
</testsuite> <!-- day1.ThridTestCase -->
